2025-03-05 11:09:12,369 - simulation.config - INFO - Configuration loaded from config.json
2025-03-05 11:09:12,376 - simulation.config - INFO - Configuration saved to last_config.json
2025-03-05 11:09:12,376 - __main__ - INFO - Loaded configuration with keys: ['simulation_time', 'heat_generation_interval', 'max_heats', 'n_bays', 'n_eaf_per_bay', 'n_lmf_per_bay', 'n_degassers_per_bay', 'n_casters_per_bay', 'n_ladles', 'n_ladle_cars', 'bays', 'units', 'grade_distribution', 'grade_properties', 'grade_routes', 'ladle_warming_time', 'ladle_max_heats', 'ladle_car_speed', 'crane_speed', 'loading_time', 'unloading_time', 'bay_connections', 'metrics_reporting_interval', 'visualization', 'background_type', 'background_image', 'cad_file_path', 'sim_speed', 'takt_time', 'lean_metrics', 'scenarios', 'logging', 'dashboard', 'analytics', 'heat_interval', 'production_manager_interval', 'grid_size', 'grid_width', 'grid_height', 'cad_scale', 'cad_x_offset', 'cad_y_offset', 'auto_scale_cad', 'pdf_real_width', 'pdf_real_height', 'production_hours_per_year', 'equipment_positions', 'n_cranes_per_bay', '_animation_settings', 'show_grid_overlay']
2025-03-05 11:09:12,376 - __main__ - INFO - Bays in config: True
2025-03-05 11:09:12,392 - __main__ - INFO - SimulationApp initialized with config keys: ['simulation_time', 'heat_generation_interval', 'max_heats', 'n_bays', 'n_eaf_per_bay', 'n_lmf_per_bay', 'n_degassers_per_bay', 'n_casters_per_bay', 'n_ladles', 'n_ladle_cars', 'bays', 'units', 'grade_distribution', 'grade_properties', 'grade_routes', 'ladle_warming_time', 'ladle_max_heats', 'ladle_car_speed', 'crane_speed', 'loading_time', 'unloading_time', 'bay_connections', 'metrics_reporting_interval', 'visualization', 'background_type', 'background_image', 'cad_file_path', 'sim_speed', 'takt_time', 'lean_metrics', 'scenarios', 'logging', 'dashboard', 'analytics', 'heat_interval', 'production_manager_interval', 'grid_size', 'grid_width', 'grid_height', 'cad_scale', 'cad_x_offset', 'cad_y_offset', 'auto_scale_cad', 'pdf_real_width', 'pdf_real_height', 'production_hours_per_year', 'equipment_positions', 'n_cranes_per_bay', '_animation_settings', 'show_grid_overlay']
2025-03-05 11:09:12,393 - __main__ - INFO - Bays in config: True
2025-03-05 11:09:12,817 - __main__ - INFO - LoadingThread initialized with config keys: ['simulation_time', 'heat_generation_interval', 'max_heats', 'n_bays', 'n_eaf_per_bay', 'n_lmf_per_bay', 'n_degassers_per_bay', 'n_casters_per_bay', 'n_ladles', 'n_ladle_cars', 'bays', 'units', 'grade_distribution', 'grade_properties', 'grade_routes', 'ladle_warming_time', 'ladle_max_heats', 'ladle_car_speed', 'crane_speed', 'loading_time', 'unloading_time', 'bay_connections', 'metrics_reporting_interval', 'visualization', 'background_type', 'background_image', 'cad_file_path', 'sim_speed', 'takt_time', 'lean_metrics', 'scenarios', 'logging', 'dashboard', 'analytics', 'heat_interval', 'production_manager_interval', 'grid_size', 'grid_width', 'grid_height', 'cad_scale', 'cad_x_offset', 'cad_y_offset', 'auto_scale_cad', 'pdf_real_width', 'pdf_real_height', 'production_hours_per_year', 'equipment_positions', 'n_cranes_per_bay', '_animation_settings', 'show_grid_overlay']
2025-03-05 11:09:12,951 - __main__ - INFO - Continuing with simulation setup without initial animation step
2025-03-05 11:09:12,966 - layer_manager - INFO - Layer created: Background (CAD layer: False)
2025-03-05 11:09:12,966 - layer_manager - INFO - Layer created: Units (CAD layer: False)
2025-03-05 11:09:12,969 - layer_manager - INFO - Layer created: LadleCars (CAD layer: False)
2025-03-05 11:09:12,970 - layer_manager - INFO - Layer created: Routes (CAD layer: False)
2025-03-05 11:09:12,970 - layer_manager - INFO - Layer created: HUD (CAD layer: False)
2025-03-05 11:09:12,980 - cad_integration - INFO - Using image background from C:/Users/geev01/Desktop/30071551_14-02-2025.BMP
2025-03-05 11:09:13,033 - cad_integration - INFO - Loaded image with dimensions 1318x1216
2025-03-05 11:09:13,033 - cad_integration - ERROR - Error loading background image: Animate.__init__() got an unexpected keyword argument 'width'
2025-03-05 11:09:13,033 - __main__ - INFO - Loaded image background from C:/Users/geev01/Desktop/30071551_14-02-2025.BMP
2025-03-05 11:09:13,033 - process_control.scenario_manager - INFO - ScenarioManager initialized with scenario: standard
2025-03-05 11:09:13,043 - spatial.bay - INFO - Bay bay3 created with dimensions: 55.0x157.0
2025-03-05 11:09:13,045 - spatial.bay - INFO - Bay bay4 created with dimensions: 60.0x289.0
2025-03-05 11:09:13,045 - spatial.bay - INFO - Bay bay1 created with dimensions: 41.0x166.0
2025-03-05 11:09:13,045 - spatial.bay - INFO - Bay bay2 created with dimensions: 44.0x209.0
2025-03-05 11:09:13,045 - spatial.spatial_manager - INFO - Precomputed 48 common paths between bays
2025-03-05 11:09:13,045 - spatial.spatial_manager - INFO - SpatialManager initialized with 4 bays
2025-03-05 11:09:13,045 - process_control.scenario_manager - INFO - ScenarioManager initialized with scenario: standard
2025-03-05 11:09:13,045 - simulation_service - INFO - SimulationService initialized successfully.
2025-03-05 11:09:13,045 - spatial.bay - INFO - Bay bay3 created with dimensions: 55.0x157.0
2025-03-05 11:09:13,048 - spatial.bay - INFO - Bay bay4 created with dimensions: 60.0x289.0
2025-03-05 11:09:13,048 - spatial.bay - INFO - Bay bay1 created with dimensions: 41.0x166.0
2025-03-05 11:09:13,048 - spatial.bay - INFO - Bay bay2 created with dimensions: 44.0x209.0
2025-03-05 11:09:13,048 - spatial.spatial_manager - INFO - Precomputed 48 common paths between bays
2025-03-05 11:09:13,048 - spatial.spatial_manager - INFO - SpatialManager initialized with 4 bays
2025-03-05 11:09:13,048 - route_manager_adapter - INFO - ProcessRouteManager initialized
2025-03-05 11:09:13,048 - equipment.ladle_car - INFO - TappingCar_1 initialized at bay1
2025-03-05 11:09:13,048 - equipment.ladle_car - INFO - TreatmentCar_2 initialized at bay2
2025-03-05 11:09:13,048 - equipment.ladle_car - INFO - RhCar_3 initialized at bay1
2025-03-05 11:09:13,048 - spatial.spatial_manager - INFO - Using bay center as crane home position for bay bay1: {'x': 207.5, 'y': 160.0}
2025-03-05 11:09:13,048 - equipment.crane - INFO - Crane Crane_bay1_1 initialized in bay bay1
2025-03-05 11:09:13,048 - spatial.spatial_manager - INFO - Using bay center as crane home position for bay bay1: {'x': 207.5, 'y': 160.0}
2025-03-05 11:09:13,048 - equipment.crane - INFO - Crane Crane_bay1_2 initialized in bay bay1
2025-03-05 11:09:13,048 - spatial.spatial_manager - INFO - Using bay center as crane home position for bay bay2: {'x': 254.0, 'y': 170.5}
2025-03-05 11:09:13,048 - equipment.crane - INFO - Crane Crane_bay2_1 initialized in bay bay2
2025-03-05 11:09:13,048 - spatial.spatial_manager - INFO - Using bay center as crane home position for bay bay2: {'x': 254.0, 'y': 170.5}
2025-03-05 11:09:13,048 - equipment.crane - INFO - Crane Crane_bay2_2 initialized in bay bay2
2025-03-05 11:09:13,048 - equipment.transport_manager - INFO - TransportManager initialized with 3 ladle cars and 2 bays
2025-03-05 11:09:13,048 - equipment.ladle - INFO - Ladle 0 initialized at bay1
2025-03-05 11:09:13,048 - equipment.ladle - INFO - Ladle 1 initialized at bay2
2025-03-05 11:09:13,048 - equipment.ladle - INFO - Ladle 2 initialized at bay1
2025-03-05 11:09:13,048 - equipment.ladle - INFO - Ladle 3 initialized at bay2
2025-03-05 11:09:13,048 - equipment.ladle - INFO - Ladle 4 initialized at bay1
2025-03-05 11:09:13,048 - equipment.ladle - INFO - Ladle 5 initialized at bay2
2025-03-05 11:09:13,048 - equipment.ladle - INFO - Ladle 6 initialized at bay1
2025-03-05 11:09:13,048 - equipment.ladle - INFO - Ladle 7 initialized at bay2
2025-03-05 11:09:13,048 - equipment.ladle - INFO - Ladle 8 initialized at bay1
2025-03-05 11:09:13,048 - equipment.ladle - INFO - Ladle 9 initialized at bay2
2025-03-05 11:09:13,048 - equipment.ladle - INFO - Ladle 10 initialized at bay1
2025-03-05 11:09:13,048 - equipment.ladle - INFO - Ladle 11 initialized at bay2
2025-03-05 11:09:13,048 - equipment.ladle_manager - INFO - LadleManager initialized with 12 ladles
2025-03-05 11:09:13,048 - production_units.eaf - INFO - EnhancedEAFUnit 1 initialized in bay bay1
2025-03-05 11:09:13,048 - route_manager_adapter - INFO - Registered EAF in bay1
2025-03-05 11:09:13,048 - production_units.lmf - INFO - EnhancedLMFStation 1 initialized in bay bay1
2025-03-05 11:09:13,048 - route_manager_adapter - INFO - Registered LMF in bay1
2025-03-05 11:09:13,048 - production_units.lmf - INFO - EnhancedLMFStation 2 initialized in bay bay1
2025-03-05 11:09:13,048 - route_manager_adapter - INFO - Registered LMF in bay1
2025-03-05 11:09:13,048 - production_units.degasser - INFO - EnhancedDegasserUnit 1 initialized in bay bay1
2025-03-05 11:09:13,048 - route_manager_adapter - INFO - Registered Degasser in bay1
2025-03-05 11:09:13,048 - production_units.caster - INFO - Caster Caster_1 initialized in bay bay1
2025-03-05 11:09:13,048 - route_manager_adapter - INFO - Registered Caster in bay1
2025-03-05 11:09:13,064 - production_units.caster - INFO - Caster Caster_2 initialized in bay bay1
2025-03-05 11:09:13,064 - route_manager_adapter - INFO - Registered Caster in bay1
2025-03-05 11:09:13,064 - production_units.eaf - INFO - EnhancedEAFUnit 1 initialized in bay bay2
2025-03-05 11:09:13,064 - route_manager_adapter - INFO - Registered EAF in bay2
2025-03-05 11:09:13,064 - production_units.lmf - INFO - EnhancedLMFStation 1 initialized in bay bay2
2025-03-05 11:09:13,064 - route_manager_adapter - INFO - Registered LMF in bay2
2025-03-05 11:09:13,064 - production_units.lmf - INFO - EnhancedLMFStation 2 initialized in bay bay2
2025-03-05 11:09:13,064 - route_manager_adapter - INFO - Registered LMF in bay2
2025-03-05 11:09:13,064 - production_units.degasser - INFO - EnhancedDegasserUnit 1 initialized in bay bay2
2025-03-05 11:09:13,064 - route_manager_adapter - INFO - Registered Degasser in bay2
2025-03-05 11:09:13,064 - production_units.caster - INFO - Caster Caster_1 initialized in bay bay2
2025-03-05 11:09:13,064 - route_manager_adapter - INFO - Registered Caster in bay2
2025-03-05 11:09:13,069 - production_units.caster - INFO - Caster Caster_2 initialized in bay bay2
2025-03-05 11:09:13,069 - route_manager_adapter - INFO - Registered Caster in bay2
2025-03-05 11:09:13,069 - production_manager - INFO - Placing EAF 1 at position {'x': 197.0, 'y': 160.0} in bay bay1
2025-03-05 11:09:13,069 - spatial.bay - INFO - Added EAF bay1_EAF_1 to bay bay1 at {'x': 197.0, 'y': 160.0}
2025-03-05 11:09:13,069 - spatial.spatial_manager - INFO - Placed equipment bay1_EAF_1 in bay bay1 at {'x': 197.0, 'y': 160.0}
2025-03-05 11:09:13,069 - production_manager - INFO - Placing LMF 1 at position {'x': 197.0, 'y': 160.0} in bay bay1
2025-03-05 11:09:13,069 - spatial.bay - INFO - Added LMF bay1_LMF_1 to bay bay1 at {'x': 197.0, 'y': 160.0}
2025-03-05 11:09:13,069 - spatial.spatial_manager - INFO - Placed equipment bay1_LMF_1 in bay bay1 at {'x': 197.0, 'y': 160.0}
2025-03-05 11:09:13,069 - production_manager - INFO - Placing LMF 2 at position {'x': 204.0, 'y': 160.0} in bay bay1
2025-03-05 11:09:13,069 - spatial.bay - INFO - Added LMF bay1_LMF_2 to bay bay1 at {'x': 204.0, 'y': 160.0}
2025-03-05 11:09:13,069 - spatial.spatial_manager - INFO - Placed equipment bay1_LMF_2 in bay bay1 at {'x': 204.0, 'y': 160.0}
2025-03-05 11:09:13,069 - production_manager - INFO - Placing Degasser 1 at position {'x': 197.0, 'y': 160.0} in bay bay1
2025-03-05 11:09:13,069 - spatial.bay - INFO - Added Degasser bay1_Degasser_1 to bay bay1 at {'x': 197.0, 'y': 160.0}
2025-03-05 11:09:13,069 - spatial.spatial_manager - INFO - Placed equipment bay1_Degasser_1 in bay bay1 at {'x': 197.0, 'y': 160.0}
2025-03-05 11:09:13,069 - production_manager - INFO - Placing Caster 1 at position {'x': 197.0, 'y': 160.0} in bay bay1
2025-03-05 11:09:13,069 - spatial.bay - INFO - Added Caster bay1_Caster_1 to bay bay1 at {'x': 197.0, 'y': 160.0}
2025-03-05 11:09:13,069 - spatial.spatial_manager - INFO - Placed equipment bay1_Caster_1 in bay bay1 at {'x': 197.0, 'y': 160.0}
2025-03-05 11:09:13,069 - production_manager - INFO - Placing Caster 2 at position {'x': 204.0, 'y': 160.0} in bay bay1
2025-03-05 11:09:13,069 - spatial.bay - INFO - Added Caster bay1_Caster_2 to bay bay1 at {'x': 204.0, 'y': 160.0}
2025-03-05 11:09:13,069 - spatial.spatial_manager - INFO - Placed equipment bay1_Caster_2 in bay bay1 at {'x': 204.0, 'y': 160.0}
2025-03-05 11:09:13,069 - production_manager - INFO - Placing EAF 1 at position {'x': 242.0, 'y': 170.5} in bay bay2
2025-03-05 11:09:13,069 - spatial.bay - INFO - Added EAF bay2_EAF_1 to bay bay2 at {'x': 242.0, 'y': 170.5}
2025-03-05 11:09:13,069 - spatial.spatial_manager - INFO - Placed equipment bay2_EAF_1 in bay bay2 at {'x': 242.0, 'y': 170.5}
2025-03-05 11:09:13,069 - production_manager - INFO - Placing LMF 1 at position {'x': 242.0, 'y': 170.5} in bay bay2
2025-03-05 11:09:13,069 - spatial.bay - INFO - Added LMF bay2_LMF_1 to bay bay2 at {'x': 242.0, 'y': 170.5}
2025-03-05 11:09:13,069 - spatial.spatial_manager - INFO - Placed equipment bay2_LMF_1 in bay bay2 at {'x': 242.0, 'y': 170.5}
2025-03-05 11:09:13,069 - production_manager - INFO - Placing LMF 2 at position {'x': 250.0, 'y': 170.5} in bay bay2
2025-03-05 11:09:13,069 - spatial.bay - INFO - Added LMF bay2_LMF_2 to bay bay2 at {'x': 250.0, 'y': 170.5}
2025-03-05 11:09:13,069 - spatial.spatial_manager - INFO - Placed equipment bay2_LMF_2 in bay bay2 at {'x': 250.0, 'y': 170.5}
2025-03-05 11:09:13,069 - production_manager - INFO - Placing Degasser 1 at position {'x': 242.0, 'y': 170.5} in bay bay2
2025-03-05 11:09:13,069 - spatial.bay - INFO - Added Degasser bay2_Degasser_1 to bay bay2 at {'x': 242.0, 'y': 170.5}
2025-03-05 11:09:13,069 - spatial.spatial_manager - INFO - Placed equipment bay2_Degasser_1 in bay bay2 at {'x': 242.0, 'y': 170.5}
2025-03-05 11:09:13,069 - production_manager - INFO - Placing Caster 1 at position {'x': 242.0, 'y': 170.5} in bay bay2
2025-03-05 11:09:13,069 - spatial.bay - INFO - Added Caster bay2_Caster_1 to bay bay2 at {'x': 242.0, 'y': 170.5}
2025-03-05 11:09:13,069 - spatial.spatial_manager - INFO - Placed equipment bay2_Caster_1 in bay bay2 at {'x': 242.0, 'y': 170.5}
2025-03-05 11:09:13,069 - production_manager - INFO - Placing Caster 2 at position {'x': 250.0, 'y': 170.5} in bay bay2
2025-03-05 11:09:13,069 - spatial.bay - INFO - Added Caster bay2_Caster_2 to bay bay2 at {'x': 250.0, 'y': 170.5}
2025-03-05 11:09:13,069 - spatial.spatial_manager - INFO - Placed equipment bay2_Caster_2 in bay bay2 at {'x': 250.0, 'y': 170.5}
2025-03-05 11:09:13,069 - production_manager - INFO - ProductionManager setup complete
2025-03-05 11:09:13,069 - production_manager - INFO - ProductionManager initialized
2025-03-05 11:09:13,084 - bottleneck_analyzer - INFO - Bottleneck analyzer initialized with window size: 20
2025-03-05 11:09:13,085 - __main__ - INFO - Loading bitmap background from C:/Users/geev01/Desktop/30071551_14-02-2025.BMP
2025-03-05 11:09:13,101 - __main__ - INFO - Successfully loaded bitmap image with dimensions 1318x1216
2025-03-05 11:09:13,101 - __main__ - INFO - Loaded bitmap background from 30071551_14-02-2025.BMP
2025-03-05 11:09:13,101 - __main__ - INFO - Initializing animation in main thread
2025-03-05 11:09:13,169 - __main__ - INFO - Set up embedded animation with Matplotlib canvas
2025-03-05 11:09:13,189 - dashboard - INFO - CAD layer management panel initialized
2025-03-05 11:09:13,189 - bottleneck_analyzer - INFO - Bottleneck analyzer initialized with window size: 20
2025-03-05 11:09:13,251 - __main__ - INFO - Displaying background image in animation
2025-03-05 11:09:13,387 - __main__ - INFO - Displaying background image in animation
2025-03-05 11:09:13,502 - __main__ - INFO - Displaying background image in animation
2025-03-05 11:09:13,644 - __main__ - INFO - Displaying background image in animation
2025-03-05 11:09:13,791 - __main__ - INFO - Displaying background image in animation
2025-03-05 11:09:13,914 - __main__ - INFO - Displaying background image in animation
2025-03-05 11:09:14,040 - __main__ - INFO - Displaying background image in animation
2025-03-05 11:09:14,164 - __main__ - INFO - Displaying background image in animation
2025-03-05 11:09:14,264 - bottleneck_analyzer - INFO - No bottlenecks identified in the current system state
2025-03-05 11:09:14,264 - bottleneck_analyzer - INFO - No bottlenecks identified in the current system state
2025-03-05 11:09:14,292 - __main__ - INFO - Displaying background image in animation
2025-03-05 11:09:14,416 - __main__ - INFO - Displaying background image in animation
2025-03-05 11:09:14,540 - __main__ - INFO - Displaying background image in animation
2025-03-05 11:09:14,666 - __main__ - INFO - Displaying background image in animation
2025-03-05 11:09:14,790 - __main__ - INFO - Displaying background image in animation
2025-03-05 11:09:14,916 - __main__ - INFO - Displaying background image in animation
2025-03-05 11:09:15,041 - __main__ - INFO - Displaying background image in animation
2025-03-05 11:09:15,166 - __main__ - INFO - Displaying background image in animation
2025-03-05 11:09:15,263 - bottleneck_analyzer - INFO - No bottlenecks identified in the current system state
2025-03-05 11:09:15,264 - bottleneck_analyzer - INFO - No bottlenecks identified in the current system state
2025-03-05 11:09:15,290 - __main__ - INFO - Displaying background image in animation
2025-03-05 11:09:15,415 - __main__ - INFO - Displaying background image in animation
2025-03-05 11:09:15,539 - __main__ - INFO - Displaying background image in animation
2025-03-05 11:09:15,728 - __main__ - INFO - Displaying background image in animation
2025-03-05 11:09:15,852 - __main__ - INFO - Displaying background image in animation
2025-03-05 11:09:15,978 - __main__ - INFO - Displaying background image in animation
2025-03-05 11:09:16,102 - __main__ - INFO - Displaying background image in animation
2025-03-05 11:09:16,200 - bottleneck_analyzer - INFO - No bottlenecks identified in the current system state
2025-03-05 11:09:16,200 - bottleneck_analyzer - INFO - No bottlenecks identified in the current system state
2025-03-05 11:09:16,227 - __main__ - INFO - Displaying background image in animation
2025-03-05 11:09:16,354 - __main__ - INFO - Displaying background image in animation
2025-03-05 11:09:16,519 - __main__ - INFO - Displaying background image in animation
2025-03-05 11:09:16,665 - __main__ - INFO - Displaying background image in animation
2025-03-05 11:09:16,791 - __main__ - INFO - Displaying background image in animation
2025-03-05 11:09:16,921 - __main__ - INFO - Displaying background image in animation
2025-03-05 11:09:17,037 - __main__ - INFO - Displaying background image in animation
2025-03-05 11:09:17,168 - __main__ - INFO - Displaying background image in animation
2025-03-05 11:09:17,270 - bottleneck_analyzer - INFO - No bottlenecks identified in the current system state
2025-03-05 11:09:17,270 - bottleneck_analyzer - INFO - No bottlenecks identified in the current system state
2025-03-05 11:09:17,290 - __main__ - INFO - Displaying background image in animation
2025-03-05 11:09:17,437 - __main__ - INFO - Displaying background image in animation
2025-03-05 11:09:17,553 - __main__ - INFO - Displaying background image in animation
2025-03-05 11:09:17,674 - __main__ - INFO - Displaying background image in animation
2025-03-05 11:09:17,806 - __main__ - INFO - Displaying background image in animation
2025-03-05 11:09:17,922 - __main__ - INFO - Displaying background image in animation
2025-03-05 11:09:18,123 - __main__ - INFO - Displaying background image in animation
2025-03-05 11:09:18,223 - bottleneck_analyzer - INFO - No bottlenecks identified in the current system state
2025-03-05 11:09:18,223 - bottleneck_analyzer - INFO - No bottlenecks identified in the current system state
2025-03-05 11:09:18,223 - bottleneck_analyzer - INFO - No bottlenecks identified in the current system state
2025-03-05 11:09:18,223 - bottleneck_analyzer - INFO - No bottlenecks identified in the current system state
2025-03-05 11:09:18,238 - __main__ - INFO - Displaying background image in animation
2025-03-05 11:09:18,370 - __main__ - INFO - Displaying background image in animation
2025-03-05 11:09:18,486 - __main__ - INFO - Displaying background image in animation
2025-03-05 11:09:18,624 - __main__ - INFO - Displaying background image in animation
2025-03-05 11:09:18,808 - __main__ - INFO - Displaying background image in animation
2025-03-05 11:09:18,924 - __main__ - INFO - Displaying background image in animation
2025-03-05 11:09:19,055 - __main__ - INFO - Displaying background image in animation
2025-03-05 11:09:19,187 - bottleneck_analyzer - INFO - No bottlenecks identified in the current system state
2025-03-05 11:09:19,187 - bottleneck_analyzer - INFO - No bottlenecks identified in the current system state
2025-03-05 11:09:19,187 - __main__ - INFO - Displaying background image in animation
2025-03-05 11:09:19,325 - __main__ - INFO - Displaying background image in animation
2025-03-05 11:09:19,441 - __main__ - INFO - Displaying background image in animation
2025-03-05 11:09:19,572 - __main__ - INFO - Displaying background image in animation
2025-03-05 11:09:19,688 - __main__ - INFO - Displaying background image in animation
2025-03-05 11:09:19,826 - __main__ - INFO - Displaying background image in animation
2025-03-05 11:09:19,943 - __main__ - INFO - Displaying background image in animation
2025-03-05 11:09:20,073 - __main__ - INFO - Displaying background image in animation
2025-03-05 11:09:20,188 - bottleneck_analyzer - INFO - No bottlenecks identified in the current system state
2025-03-05 11:09:20,188 - bottleneck_analyzer - INFO - No bottlenecks identified in the current system state
2025-03-05 11:09:20,188 - __main__ - INFO - Displaying background image in animation
2025-03-05 11:09:20,410 - __main__ - INFO - Displaying background image in animation
2025-03-05 11:09:20,526 - __main__ - INFO - Displaying background image in animation
2025-03-05 11:09:20,711 - __main__ - INFO - Displaying background image in animation
2025-03-05 11:09:20,827 - __main__ - INFO - Displaying background image in animation
2025-03-05 11:09:20,959 - __main__ - INFO - Displaying background image in animation
2025-03-05 11:09:21,091 - __main__ - INFO - Displaying background image in animation
2025-03-05 11:09:21,197 - bottleneck_analyzer - INFO - No bottlenecks identified in the current system state
2025-03-05 11:09:21,197 - bottleneck_analyzer - INFO - No bottlenecks identified in the current system state
2025-03-05 11:09:21,213 - __main__ - INFO - Displaying background image in animation
2025-03-05 11:09:21,329 - __main__ - INFO - Displaying background image in animation
2025-03-05 11:09:21,461 - __main__ - INFO - Displaying background image in animation
2025-03-05 11:09:21,591 - __main__ - INFO - Displaying background image in animation
2025-03-05 11:09:21,713 - __main__ - INFO - Displaying background image in animation
